[debug] [2024-08-05T14:07:50.788Z] ----------------------------------------------------------------------
[debug] [2024-08-05T14:07:50.791Z] Command:       /Users/jonnywb/.nvm/versions/node/v20.8.0/bin/node /Users/jonnywb/.nvm/versions/node/v20.8.0/bin/firebase deploy --only functions
[debug] [2024-08-05T14:07:50.791Z] CLI Version:   13.15.0
[debug] [2024-08-05T14:07:50.791Z] Platform:      darwin
[debug] [2024-08-05T14:07:50.791Z] Node Version:  v20.8.0
[debug] [2024-08-05T14:07:50.791Z] Time:          Mon Aug 05 2024 15:07:50 GMT+0100 (British Summer Time)
[debug] [2024-08-05T14:07:50.792Z] ----------------------------------------------------------------------
[debug] 
[debug] [2024-08-05T14:07:50.850Z] > command requires scopes: ["email","openid","https://www.googleapis.com/auth/cloudplatformprojects.readonly","https://www.googleapis.com/auth/firebase","https://www.googleapis.com/auth/cloud-platform"]
[debug] [2024-08-05T14:07:50.851Z] > authorizing via signed-in user (jonnywb.dev@gmail.com)
[debug] [2024-08-05T14:07:50.851Z] [iam] checking project bookevents-5bd5d for permissions ["cloudfunctions.functions.create","cloudfunctions.functions.delete","cloudfunctions.functions.get","cloudfunctions.functions.list","cloudfunctions.functions.update","cloudfunctions.operations.get","firebase.projects.get"]
[debug] [2024-08-05T14:07:50.852Z] >>> [apiv2][query] POST https://cloudresourcemanager.googleapis.com/v1/projects/bookevents-5bd5d:testIamPermissions [none]
[debug] [2024-08-05T14:07:50.852Z] >>> [apiv2][(partial)header] POST https://cloudresourcemanager.googleapis.com/v1/projects/bookevents-5bd5d:testIamPermissions x-goog-quota-user=projects/bookevents-5bd5d
[debug] [2024-08-05T14:07:50.853Z] >>> [apiv2][body] POST https://cloudresourcemanager.googleapis.com/v1/projects/bookevents-5bd5d:testIamPermissions {"permissions":["cloudfunctions.functions.create","cloudfunctions.functions.delete","cloudfunctions.functions.get","cloudfunctions.functions.list","cloudfunctions.functions.update","cloudfunctions.operations.get","firebase.projects.get"]}
[debug] [2024-08-05T14:07:51.669Z] <<< [apiv2][status] POST https://cloudresourcemanager.googleapis.com/v1/projects/bookevents-5bd5d:testIamPermissions 200
[debug] [2024-08-05T14:07:51.670Z] <<< [apiv2][body] POST https://cloudresourcemanager.googleapis.com/v1/projects/bookevents-5bd5d:testIamPermissions {"permissions":["cloudfunctions.functions.create","cloudfunctions.functions.delete","cloudfunctions.functions.get","cloudfunctions.functions.list","cloudfunctions.functions.update","cloudfunctions.operations.get","firebase.projects.get"]}
[debug] [2024-08-05T14:07:51.670Z] >>> [apiv2][query] POST https://iam.googleapis.com/v1/projects/bookevents-5bd5d/serviceAccounts/bookevents-5bd5d@appspot.gserviceaccount.com:testIamPermissions [none]
[debug] [2024-08-05T14:07:51.670Z] >>> [apiv2][body] POST https://iam.googleapis.com/v1/projects/bookevents-5bd5d/serviceAccounts/bookevents-5bd5d@appspot.gserviceaccount.com:testIamPermissions {"permissions":["iam.serviceAccounts.actAs"]}
[debug] [2024-08-05T14:07:52.356Z] <<< [apiv2][status] POST https://iam.googleapis.com/v1/projects/bookevents-5bd5d/serviceAccounts/bookevents-5bd5d@appspot.gserviceaccount.com:testIamPermissions 200
[debug] [2024-08-05T14:07:52.356Z] <<< [apiv2][body] POST https://iam.googleapis.com/v1/projects/bookevents-5bd5d/serviceAccounts/bookevents-5bd5d@appspot.gserviceaccount.com:testIamPermissions {"permissions":["iam.serviceAccounts.actAs"]}
[info] 
[info] === Deploying to 'bookevents-5bd5d'...
[info] 
[info] i  deploying functions 
[debug] [2024-08-05T14:07:52.358Z] >>> [apiv2][query] GET https://firebase.googleapis.com/v1beta1/projects/bookevents-5bd5d [none]
[debug] [2024-08-05T14:07:52.641Z] <<< [apiv2][status] GET https://firebase.googleapis.com/v1beta1/projects/bookevents-5bd5d 200
[debug] [2024-08-05T14:07:52.641Z] <<< [apiv2][body] GET https://firebase.googleapis.com/v1beta1/projects/bookevents-5bd5d {"projectId":"bookevents-5bd5d","projectNumber":"1067941211108","displayName":"bookEvents","name":"projects/bookevents-5bd5d","resources":{"hostingSite":"bookevents-5bd5d","storageBucket":"bookevents-5bd5d.appspot.com","locationId":"europe-west"},"state":"ACTIVE","etag":"1_8e811440-b4f0-4261-b515-596560901bf8"}
[info] i  functions: preparing codebase default for deployment 
[info] i  functions: ensuring required API cloudfunctions.googleapis.com is enabled... 
[info] i  functions: ensuring required API cloudbuild.googleapis.com is enabled... 
[info] i  artifactregistry: ensuring required API artifactregistry.googleapis.com is enabled... 
[debug] [2024-08-05T14:07:52.642Z] >>> [apiv2][query] GET https://serviceusage.googleapis.com/v1/projects/bookevents-5bd5d/services/cloudfunctions.googleapis.com [none]
[debug] [2024-08-05T14:07:52.642Z] >>> [apiv2][(partial)header] GET https://serviceusage.googleapis.com/v1/projects/bookevents-5bd5d/services/cloudfunctions.googleapis.com x-goog-quota-user=projects/bookevents-5bd5d
[debug] [2024-08-05T14:07:52.643Z] >>> [apiv2][query] GET https://serviceusage.googleapis.com/v1/projects/bookevents-5bd5d/services/runtimeconfig.googleapis.com [none]
[debug] [2024-08-05T14:07:52.643Z] >>> [apiv2][(partial)header] GET https://serviceusage.googleapis.com/v1/projects/bookevents-5bd5d/services/runtimeconfig.googleapis.com x-goog-quota-user=projects/bookevents-5bd5d
[debug] [2024-08-05T14:07:52.644Z] >>> [apiv2][query] GET https://serviceusage.googleapis.com/v1/projects/bookevents-5bd5d/services/cloudbuild.googleapis.com [none]
[debug] [2024-08-05T14:07:52.644Z] >>> [apiv2][(partial)header] GET https://serviceusage.googleapis.com/v1/projects/bookevents-5bd5d/services/cloudbuild.googleapis.com x-goog-quota-user=projects/bookevents-5bd5d
[debug] [2024-08-05T14:07:52.645Z] >>> [apiv2][query] GET https://serviceusage.googleapis.com/v1/projects/bookevents-5bd5d/services/artifactregistry.googleapis.com [none]
[debug] [2024-08-05T14:07:52.645Z] >>> [apiv2][(partial)header] GET https://serviceusage.googleapis.com/v1/projects/bookevents-5bd5d/services/artifactregistry.googleapis.com x-goog-quota-user=projects/bookevents-5bd5d
[debug] [2024-08-05T14:07:53.508Z] <<< [apiv2][status] GET https://serviceusage.googleapis.com/v1/projects/bookevents-5bd5d/services/cloudfunctions.googleapis.com 200
[debug] [2024-08-05T14:07:53.509Z] <<< [apiv2][body] GET https://serviceusage.googleapis.com/v1/projects/bookevents-5bd5d/services/cloudfunctions.googleapis.com [omitted]
[info] ✔  functions: required API cloudfunctions.googleapis.com is enabled 
[debug] [2024-08-05T14:07:53.516Z] <<< [apiv2][status] GET https://serviceusage.googleapis.com/v1/projects/bookevents-5bd5d/services/runtimeconfig.googleapis.com 200
[debug] [2024-08-05T14:07:53.516Z] <<< [apiv2][body] GET https://serviceusage.googleapis.com/v1/projects/bookevents-5bd5d/services/runtimeconfig.googleapis.com [omitted]
[debug] [2024-08-05T14:07:53.520Z] <<< [apiv2][status] GET https://serviceusage.googleapis.com/v1/projects/bookevents-5bd5d/services/cloudbuild.googleapis.com 200
[debug] [2024-08-05T14:07:53.520Z] <<< [apiv2][body] GET https://serviceusage.googleapis.com/v1/projects/bookevents-5bd5d/services/cloudbuild.googleapis.com [omitted]
[info] ✔  functions: required API cloudbuild.googleapis.com is enabled 
[debug] [2024-08-05T14:07:53.530Z] <<< [apiv2][status] GET https://serviceusage.googleapis.com/v1/projects/bookevents-5bd5d/services/artifactregistry.googleapis.com 200
[debug] [2024-08-05T14:07:53.530Z] <<< [apiv2][body] GET https://serviceusage.googleapis.com/v1/projects/bookevents-5bd5d/services/artifactregistry.googleapis.com [omitted]
[info] ✔  artifactregistry: required API artifactregistry.googleapis.com is enabled 
[debug] [2024-08-05T14:07:53.530Z] >>> [apiv2][query] GET https://firebase.googleapis.com/v1beta1/projects/bookevents-5bd5d/adminSdkConfig [none]
[debug] [2024-08-05T14:07:53.998Z] <<< [apiv2][status] GET https://firebase.googleapis.com/v1beta1/projects/bookevents-5bd5d/adminSdkConfig 200
[debug] [2024-08-05T14:07:53.998Z] <<< [apiv2][body] GET https://firebase.googleapis.com/v1beta1/projects/bookevents-5bd5d/adminSdkConfig {"projectId":"bookevents-5bd5d","storageBucket":"bookevents-5bd5d.appspot.com","locationId":"europe-west"}
[debug] [2024-08-05T14:07:53.999Z] >>> [apiv2][query] GET https://runtimeconfig.googleapis.com/v1beta1/projects/bookevents-5bd5d/configs [none]
[debug] [2024-08-05T14:07:54.275Z] <<< [apiv2][status] GET https://runtimeconfig.googleapis.com/v1beta1/projects/bookevents-5bd5d/configs 200
[debug] [2024-08-05T14:07:54.275Z] <<< [apiv2][body] GET https://runtimeconfig.googleapis.com/v1beta1/projects/bookevents-5bd5d/configs {"configs":[{"name":"projects/bookevents-5bd5d/configs/stripe"}]}
[debug] [2024-08-05T14:07:54.276Z] >>> [apiv2][query] GET https://runtimeconfig.googleapis.com/v1beta1/projects/bookevents-5bd5d/configs/stripe/variables [none]
[debug] [2024-08-05T14:07:54.446Z] <<< [apiv2][status] GET https://runtimeconfig.googleapis.com/v1beta1/projects/bookevents-5bd5d/configs/stripe/variables 200
[debug] [2024-08-05T14:07:54.447Z] <<< [apiv2][body] GET https://runtimeconfig.googleapis.com/v1beta1/projects/bookevents-5bd5d/configs/stripe/variables {"variables":[{"name":"projects/bookevents-5bd5d/configs/stripe/variables/secret","updateTime":"2024-08-05T12:30:02.587664851Z"}]}
[debug] [2024-08-05T14:07:54.448Z] >>> [apiv2][query] GET https://runtimeconfig.googleapis.com/v1beta1/projects/bookevents-5bd5d/configs/stripe/variables/secret [none]
[debug] [2024-08-05T14:07:54.614Z] <<< [apiv2][status] GET https://runtimeconfig.googleapis.com/v1beta1/projects/bookevents-5bd5d/configs/stripe/variables/secret 200
[debug] [2024-08-05T14:07:54.614Z] <<< [apiv2][body] GET https://runtimeconfig.googleapis.com/v1beta1/projects/bookevents-5bd5d/configs/stripe/variables/secret {"name":"projects/bookevents-5bd5d/configs/stripe/variables/secret","updateTime":"2024-08-05T12:30:02.587664851Z","text":"sk_test_51PgBoMRwzK3IsEdzskZLZciIQR0ZjKGYfsKViGCUvJS0fagkNkY3iOpsp8gBTUOovkr6uTYNpfP3zlNiZ2fHGk7r00gpxYpY72"}
[debug] [2024-08-05T14:07:54.616Z] Validating nodejs source
[warn] ⚠  functions: package.json indicates an outdated version of firebase-functions. Please upgrade using npm install --save firebase-functions@latest in your functions directory. 
[warn] ⚠  functions: Please note that there will be breaking changes when you upgrade. 
[debug] [2024-08-05T14:07:55.172Z] > [functions] package.json contents: {
  "name": "functions",
  "scripts": {
    "build": "tsc",
    "serve": "firebase emulators:start --only functions",
    "shell": "firebase functions:shell",
    "start": "npm run shell",
    "deploy": "firebase deploy --only functions",
    "lint": "eslint . --ext .js,.ts"
  },
  "engines": {
    "node": "16"
  },
  "main": "lib/index.js",
  "dependencies": {
    "cors": "^2.8.5",
    "firebase-admin": "^11.0.0",
    "firebase-functions": "^3.22.0",
    "stripe": "^16.6.0"
  },
  "devDependencies": {
    "@types/express": "^4.17.13",
    "@types/node": "^16.11.7",
    "typescript": "^5.5.4"
  }
}
[debug] [2024-08-05T14:07:55.172Z] Building nodejs source
[info] i  functions: Loading and analyzing source code for codebase default to determine what to deploy 
[debug] [2024-08-05T14:07:55.173Z] Could not find functions.yaml. Must use http discovery
[debug] [2024-08-05T14:07:55.178Z] Found firebase-functions binary at '/Users/jonnywb/Documents/projects/bookEvents/bookevents/functions/node_modules/.bin/firebase-functions'
[info] Serving at port 8141

[debug] [2024-08-05T14:07:55.371Z] Got response from /__/functions.yaml {"endpoints":{"createPaymentIntent":{"platform":"gcfv1","httpsTrigger":{},"entryPoint":"createPaymentIntent"}},"specVersion":"v1alpha1","requiredAPIs":[]}
